<?xml version="1.0" encoding="UTF-8"?>
<testng-results skipped="0" failed="0" total="1" passed="1">
  <reporter-output>
  </reporter-output>
  <suite name="Default suite" duration-ms="42388" started-at="2017-10-29T07:11:56Z" finished-at="2017-10-29T07:12:38Z">
    <groups>
      <group name="regression">
        <method signature="Scenario_Search.testValidSearch(java.util.Map)[pri:0, instance:Scenario_Component.Scenario_Search@51565ec2]" name="testValidSearch" class="Scenario_Component.Scenario_Search"/>
      </group> <!-- regression -->
      <group name="smoke">
        <method signature="Scenario_Search.testInvalidSearch(java.util.Map)[pri:0, instance:Scenario_Component.Scenario_Search@51565ec2]" name="testInvalidSearch" class="Scenario_Component.Scenario_Search"/>
      </group> <!-- smoke -->
    </groups>
    <test name="Default test" duration-ms="42388" started-at="2017-10-29T07:11:56Z" finished-at="2017-10-29T07:12:38Z">
      <class name="Scenario_Component.Scenario_Search">
        <test-method status="PASS" signature="testInvalidSearch(java.util.Map)[pri:0, instance:Scenario_Component.Scenario_Search@51565ec2]" name="testInvalidSearch" duration-ms="41990" started-at="2017-10-29T12:41:56Z" data-provider="dp_Invalidsearch" finished-at="2017-10-29T12:42:38Z">
          <params>
            <param index="0">
              <value>
                <![CDATA[{Execute_Flag=Y, TC_ID=GB_01, Script_name=Invalid_Search, Search_Item=##, Exp_Result=Sorry! There are no products to display., Order_Set=1.0}]]>
              </value>
            </param>
          </params>
          <reporter-output>
          </reporter-output>
        </test-method> <!-- testInvalidSearch -->
      </class> <!-- Scenario_Component.Scenario_Search -->
    </test> <!-- Default test -->
  </suite> <!-- Default suite -->
</testng-results>
